[18-Dec-2022 13:50:12 UTC] Cron unschedule event error for hook: do_pings, Error code: could_not_set, Error message: The cron event list could not be saved., Data: {"schedule":false,"args":[]}
[18-Dec-2022 13:51:23 UTC] Cron unschedule event error for hook: do_pings, Error code: could_not_set, Error message: The cron event list could not be saved., Data: {"schedule":false,"args":[]}
[09-Jan-2023 14:37:36 UTC] Cron unschedule event error for hook: do_pings, Error code: could_not_set, Error message: The cron event list could not be saved., Data: {"schedule":false,"args":[]}
[27-Jan-2023 12:39:59 UTC] Cron reschedule event error for hook: wp_version_check, Error code: could_not_set, Error message: The cron event list could not be saved., Data: {"schedule":"twicedaily","args":[],"interval":43200}
[27-Jan-2023 16:36:55 UTC] Shell mysql dump error. Change SQL Mode to the "PHP Code" in the Duplicator > Settings > Packages. DETAIL:
[27-Jan-2023 16:36:55 UTC] Runtime error in DUP_Database::Build. Shell mysql dump error. Change SQL Mode to the "PHP Code" in the Duplicator > Settings > Packages. DETAIL:Exception: Exception: Shell mysql dump error. Change SQL Mode to the "PHP Code" in the Duplicator > Settings > Packages. in C:\Users\USER\Local Sites\taylorswiftalbums\app\public\wp-content\plugins\duplicator\classes\class.logging.php:300
Stack trace:
#0 C:\Users\USER\Local Sites\taylorswiftalbums\app\public\wp-content\plugins\duplicator\classes\package\class.pack.database.php(594): DUP_Log::error('Shell mysql dum...', '', 1)
#1 C:\Users\USER\Local Sites\taylorswiftalbums\app\public\wp-content\plugins\duplicator\classes\package\class.pack.database.php(220): DUP_Database->mysqlDump('C:/xampp/mysql/...')
#2 C:\Users\USER\Local Sites\taylorswiftalbums\app\public\wp-content\plugins\duplicator\classes\package\class.pack.php(1366): DUP_Database->build(Object(DUP_Package), 1)
#3 C:\Users\USER\Local Sites\taylorswiftalbums\app\public\wp-content\plugins\duplicator\ctrls\ctrl.package.php(89): DUP_Package->runZipBuild()
#4 C:\Users\USER\Local Sites\taylorswiftalbums\app\public\wp-includes\class-wp-hook.php(308): duplicator_package_build('')
#5 C:\Users\USER\Local Sites\taylorswiftalbums\app\public\wp-includes\class-wp-hook.php(332): WP_Hook->apply_filters('', Array)
#6 C:\Users\USER\Local Sites\taylorswiftalbums\app\public\wp-includes\plugin.php(517): WP_Hook->do_action(Array)
#7 C:\Users\USER\Local Sites\taylorswiftalbums\app\public\wp-admin\admin-ajax.php(188): do_action('wp_ajax_duplica...')
#8 {main}
[27-Jan-2023 16:40:54 UTC] Shell mysql dump error. Change SQL Mode to the "PHP Code" in the Duplicator > Settings > Packages. DETAIL:
[27-Jan-2023 16:40:54 UTC] Runtime error in DUP_Database::Build. Shell mysql dump error. Change SQL Mode to the "PHP Code" in the Duplicator > Settings > Packages. DETAIL:Exception: Exception: Shell mysql dump error. Change SQL Mode to the "PHP Code" in the Duplicator > Settings > Packages. in C:\Users\USER\Local Sites\taylorswiftalbums\app\public\wp-content\plugins\duplicator\classes\class.logging.php:300
Stack trace:
#0 C:\Users\USER\Local Sites\taylorswiftalbums\app\public\wp-content\plugins\duplicator\classes\package\class.pack.database.php(594): DUP_Log::error('Shell mysql dum...', '', 1)
#1 C:\Users\USER\Local Sites\taylorswiftalbums\app\public\wp-content\plugins\duplicator\classes\package\class.pack.database.php(220): DUP_Database->mysqlDump('C:/xampp/mysql/...')
#2 C:\Users\USER\Local Sites\taylorswiftalbums\app\public\wp-content\plugins\duplicator\classes\package\class.pack.php(1366): DUP_Database->build(Object(DUP_Package), 1)
#3 C:\Users\USER\Local Sites\taylorswiftalbums\app\public\wp-content\plugins\duplicator\ctrls\ctrl.package.php(89): DUP_Package->runZipBuild()
#4 C:\Users\USER\Local Sites\taylorswiftalbums\app\public\wp-includes\class-wp-hook.php(308): duplicator_package_build('')
#5 C:\Users\USER\Local Sites\taylorswiftalbums\app\public\wp-includes\class-wp-hook.php(332): WP_Hook->apply_filters('', Array)
#6 C:\Users\USER\Local Sites\taylorswiftalbums\app\public\wp-includes\plugin.php(517): WP_Hook->do_action(Array)
#7 C:\Users\USER\Local Sites\taylorswiftalbums\app\public\wp-admin\admin-ajax.php(188): do_action('wp_ajax_duplica...')
#8 {main}
[27-Jan-2023 16:42:37 UTC] Shell mysql dump error. Change SQL Mode to the "PHP Code" in the Duplicator > Settings > Packages. DETAIL:
[27-Jan-2023 16:42:37 UTC] Runtime error in DUP_Database::Build. Shell mysql dump error. Change SQL Mode to the "PHP Code" in the Duplicator > Settings > Packages. DETAIL:Exception: Exception: Shell mysql dump error. Change SQL Mode to the "PHP Code" in the Duplicator > Settings > Packages. in C:\Users\USER\Local Sites\taylorswiftalbums\app\public\wp-content\plugins\duplicator\classes\class.logging.php:300
Stack trace:
#0 C:\Users\USER\Local Sites\taylorswiftalbums\app\public\wp-content\plugins\duplicator\classes\package\class.pack.database.php(594): DUP_Log::error('Shell mysql dum...', '', 1)
#1 C:\Users\USER\Local Sites\taylorswiftalbums\app\public\wp-content\plugins\duplicator\classes\package\class.pack.database.php(220): DUP_Database->mysqlDump('C:/xampp/mysql/...')
#2 C:\Users\USER\Local Sites\taylorswiftalbums\app\public\wp-content\plugins\duplicator\classes\package\class.pack.php(1366): DUP_Database->build(Object(DUP_Package), 1)
#3 C:\Users\USER\Local Sites\taylorswiftalbums\app\public\wp-content\plugins\duplicator\ctrls\ctrl.package.php(89): DUP_Package->runZipBuild()
#4 C:\Users\USER\Local Sites\taylorswiftalbums\app\public\wp-includes\class-wp-hook.php(308): duplicator_package_build('')
#5 C:\Users\USER\Local Sites\taylorswiftalbums\app\public\wp-includes\class-wp-hook.php(332): WP_Hook->apply_filters('', Array)
#6 C:\Users\USER\Local Sites\taylorswiftalbums\app\public\wp-includes\plugin.php(517): WP_Hook->do_action(Array)
#7 C:\Users\USER\Local Sites\taylorswiftalbums\app\public\wp-admin\admin-ajax.php(188): do_action('wp_ajax_duplica...')
#8 {main}
[27-Jan-2023 16:51:31 UTC] Shell mysql dump error. Change SQL Mode to the "PHP Code" in the Duplicator > Settings > Packages. DETAIL:
[27-Jan-2023 16:51:31 UTC] Runtime error in DUP_Database::Build. Shell mysql dump error. Change SQL Mode to the "PHP Code" in the Duplicator > Settings > Packages. DETAIL:Exception: Exception: Shell mysql dump error. Change SQL Mode to the "PHP Code" in the Duplicator > Settings > Packages. in C:\Users\USER\Local Sites\taylorswiftalbums\app\public\wp-content\plugins\duplicator\classes\class.logging.php:300
Stack trace:
#0 C:\Users\USER\Local Sites\taylorswiftalbums\app\public\wp-content\plugins\duplicator\classes\package\class.pack.database.php(594): DUP_Log::error('Shell mysql dum...', '', 1)
#1 C:\Users\USER\Local Sites\taylorswiftalbums\app\public\wp-content\plugins\duplicator\classes\package\class.pack.database.php(220): DUP_Database->mysqlDump('C:/xampp/mysql/...')
#2 C:\Users\USER\Local Sites\taylorswiftalbums\app\public\wp-content\plugins\duplicator\classes\package\class.pack.php(1366): DUP_Database->build(Object(DUP_Package), 1)
#3 C:\Users\USER\Local Sites\taylorswiftalbums\app\public\wp-content\plugins\duplicator\ctrls\ctrl.package.php(89): DUP_Package->runZipBuild()
#4 C:\Users\USER\Local Sites\taylorswiftalbums\app\public\wp-includes\class-wp-hook.php(308): duplicator_package_build('')
#5 C:\Users\USER\Local Sites\taylorswiftalbums\app\public\wp-includes\class-wp-hook.php(332): WP_Hook->apply_filters('', Array)
#6 C:\Users\USER\Local Sites\taylorswiftalbums\app\public\wp-includes\plugin.php(517): WP_Hook->do_action(Array)
#7 C:\Users\USER\Local Sites\taylorswiftalbums\app\public\wp-admin\admin-ajax.php(188): do_action('wp_ajax_duplica...')
#8 {main}
[27-Jan-2023 16:52:59 UTC] Shell mysql dump error. Change SQL Mode to the "PHP Code" in the Duplicator > Settings > Packages. DETAIL:
[27-Jan-2023 16:52:59 UTC] Runtime error in DUP_Database::Build. Shell mysql dump error. Change SQL Mode to the "PHP Code" in the Duplicator > Settings > Packages. DETAIL:Exception: Exception: Shell mysql dump error. Change SQL Mode to the "PHP Code" in the Duplicator > Settings > Packages. in C:\Users\USER\Local Sites\taylorswiftalbums\app\public\wp-content\plugins\duplicator\classes\class.logging.php:300
Stack trace:
#0 C:\Users\USER\Local Sites\taylorswiftalbums\app\public\wp-content\plugins\duplicator\classes\package\class.pack.database.php(594): DUP_Log::error('Shell mysql dum...', '', 1)
#1 C:\Users\USER\Local Sites\taylorswiftalbums\app\public\wp-content\plugins\duplicator\classes\package\class.pack.database.php(220): DUP_Database->mysqlDump('C:/xampp/mysql/...')
#2 C:\Users\USER\Local Sites\taylorswiftalbums\app\public\wp-content\plugins\duplicator\classes\package\class.pack.php(1366): DUP_Database->build(Object(DUP_Package), 1)
#3 C:\Users\USER\Local Sites\taylorswiftalbums\app\public\wp-content\plugins\duplicator\ctrls\ctrl.package.php(89): DUP_Package->runZipBuild()
#4 C:\Users\USER\Local Sites\taylorswiftalbums\app\public\wp-includes\class-wp-hook.php(308): duplicator_package_build('')
#5 C:\Users\USER\Local Sites\taylorswiftalbums\app\public\wp-includes\class-wp-hook.php(332): WP_Hook->apply_filters('', Array)
#6 C:\Users\USER\Local Sites\taylorswiftalbums\app\public\wp-includes\plugin.php(517): WP_Hook->do_action(Array)
#7 C:\Users\USER\Local Sites\taylorswiftalbums\app\public\wp-admin\admin-ajax.php(188): do_action('wp_ajax_duplica...')
#8 {main}
[27-Jan-2023 16:55:41 UTC] Shell mysql dump error. Change SQL Mode to the "PHP Code" in the Duplicator > Settings > Packages. DETAIL:
[27-Jan-2023 16:55:41 UTC] Runtime error in DUP_Database::Build. Shell mysql dump error. Change SQL Mode to the "PHP Code" in the Duplicator > Settings > Packages. DETAIL:Exception: Exception: Shell mysql dump error. Change SQL Mode to the "PHP Code" in the Duplicator > Settings > Packages. in C:\Users\USER\Local Sites\taylorswiftalbums\app\public\wp-content\plugins\duplicator\classes\class.logging.php:300
Stack trace:
#0 C:\Users\USER\Local Sites\taylorswiftalbums\app\public\wp-content\plugins\duplicator\classes\package\class.pack.database.php(594): DUP_Log::error('Shell mysql dum...', '', 1)
#1 C:\Users\USER\Local Sites\taylorswiftalbums\app\public\wp-content\plugins\duplicator\classes\package\class.pack.database.php(220): DUP_Database->mysqlDump('C:/xampp/mysql/...')
#2 C:\Users\USER\Local Sites\taylorswiftalbums\app\public\wp-content\plugins\duplicator\classes\package\class.pack.php(1366): DUP_Database->build(Object(DUP_Package), 1)
#3 C:\Users\USER\Local Sites\taylorswiftalbums\app\public\wp-content\plugins\duplicator\ctrls\ctrl.package.php(89): DUP_Package->runZipBuild()
#4 C:\Users\USER\Local Sites\taylorswiftalbums\app\public\wp-includes\class-wp-hook.php(308): duplicator_package_build('')
#5 C:\Users\USER\Local Sites\taylorswiftalbums\app\public\wp-includes\class-wp-hook.php(332): WP_Hook->apply_filters('', Array)
#6 C:\Users\USER\Local Sites\taylorswiftalbums\app\public\wp-includes\plugin.php(517): WP_Hook->do_action(Array)
#7 C:\Users\USER\Local Sites\taylorswiftalbums\app\public\wp-admin\admin-ajax.php(188): do_action('wp_ajax_duplica...')
#8 {main}
[27-Jan-2023 16:56:55 UTC] Shell mysql dump error. Change SQL Mode to the "PHP Code" in the Duplicator > Settings > Packages. DETAIL:
[27-Jan-2023 16:56:55 UTC] Runtime error in DUP_Database::Build. Shell mysql dump error. Change SQL Mode to the "PHP Code" in the Duplicator > Settings > Packages. DETAIL:Exception: Exception: Shell mysql dump error. Change SQL Mode to the "PHP Code" in the Duplicator > Settings > Packages. in C:\Users\USER\Local Sites\taylorswiftalbums\app\public\wp-content\plugins\duplicator\classes\class.logging.php:300
Stack trace:
#0 C:\Users\USER\Local Sites\taylorswiftalbums\app\public\wp-content\plugins\duplicator\classes\package\class.pack.database.php(594): DUP_Log::error('Shell mysql dum...', '', 1)
#1 C:\Users\USER\Local Sites\taylorswiftalbums\app\public\wp-content\plugins\duplicator\classes\package\class.pack.database.php(220): DUP_Database->mysqlDump('C:/xampp/mysql/...')
#2 C:\Users\USER\Local Sites\taylorswiftalbums\app\public\wp-content\plugins\duplicator\classes\package\class.pack.php(1366): DUP_Database->build(Object(DUP_Package), 1)
#3 C:\Users\USER\Local Sites\taylorswiftalbums\app\public\wp-content\plugins\duplicator\ctrls\ctrl.package.php(89): DUP_Package->runZipBuild()
#4 C:\Users\USER\Local Sites\taylorswiftalbums\app\public\wp-includes\class-wp-hook.php(308): duplicator_package_build('')
#5 C:\Users\USER\Local Sites\taylorswiftalbums\app\public\wp-includes\class-wp-hook.php(332): WP_Hook->apply_filters('', Array)
#6 C:\Users\USER\Local Sites\taylorswiftalbums\app\public\wp-includes\plugin.php(517): WP_Hook->do_action(Array)
#7 C:\Users\USER\Local Sites\taylorswiftalbums\app\public\wp-admin\admin-ajax.php(188): do_action('wp_ajax_duplica...')
#8 {main}
[27-Jan-2023 17:02:31 UTC] Shell mysql dump error. Change SQL Mode to the "PHP Code" in the Duplicator > Settings > Packages. DETAIL:
[27-Jan-2023 17:02:31 UTC] Runtime error in DUP_Database::Build. Shell mysql dump error. Change SQL Mode to the "PHP Code" in the Duplicator > Settings > Packages. DETAIL:Exception: Exception: Shell mysql dump error. Change SQL Mode to the "PHP Code" in the Duplicator > Settings > Packages. in C:\Users\USER\Local Sites\taylorswiftalbums\app\public\wp-content\plugins\duplicator\classes\class.logging.php:300
Stack trace:
#0 C:\Users\USER\Local Sites\taylorswiftalbums\app\public\wp-content\plugins\duplicator\classes\package\class.pack.database.php(594): DUP_Log::error('Shell mysql dum...', '', 1)
#1 C:\Users\USER\Local Sites\taylorswiftalbums\app\public\wp-content\plugins\duplicator\classes\package\class.pack.database.php(220): DUP_Database->mysqlDump('C:/xampp/mysql/...')
#2 C:\Users\USER\Local Sites\taylorswiftalbums\app\public\wp-content\plugins\duplicator\classes\package\class.pack.php(1366): DUP_Database->build(Object(DUP_Package), 1)
#3 C:\Users\USER\Local Sites\taylorswiftalbums\app\public\wp-content\plugins\duplicator\ctrls\ctrl.package.php(89): DUP_Package->runZipBuild()
#4 C:\Users\USER\Local Sites\taylorswiftalbums\app\public\wp-includes\class-wp-hook.php(308): duplicator_package_build('')
#5 C:\Users\USER\Local Sites\taylorswiftalbums\app\public\wp-includes\class-wp-hook.php(332): WP_Hook->apply_filters('', Array)
#6 C:\Users\USER\Local Sites\taylorswiftalbums\app\public\wp-includes\plugin.php(517): WP_Hook->do_action(Array)
#7 C:\Users\USER\Local Sites\taylorswiftalbums\app\public\wp-admin\admin-ajax.php(188): do_action('wp_ajax_duplica...')
#8 {main}
