********************************************************************************
DUPLICATOR-LITE PACKAGE-LOG: January 27, 2023 5:03 pm
NOTICE: Do NOT post to public sites or forums 
********************************************************************************
VERSION:	1.5.2
WORDPRESS:	6.1.1
PHP INFO:	8.1.9 | SAPI: cgi-fcgi
SERVER:		nginx/1.16.0 
PHP TIME LIMIT: (0) no time limit imposed 
PHP MAX MEMORY: 4294967296 (256M default) 
MEMORY STACK: 4MB

********************************************************************************
DATABASE:
********************************************************************************
BUILD MODE:   PHP(query limit - 100)
MYSQLTIMEOUT: 5000
MYSQLDUMP:    Is Supported
TABLES: total:13 | filtered:0 | create:13
FILTERED: []
SQL CREATED: 20230127_taylorswiftalbums_53ed6a52ac6b334a2121_20230127170256_database.sql
SQL FILE SIZE: 7.58MB (7946777)
SQL FILE TIME: 2023-01-27 17:03:00
SQL RUNTIME: 0.45 sec.

********************************************************************************
ARCHIVE (ZIP):
********************************************************************************
ARCHIVE DIR:  C:/Users/USER/Local Sites/taylorswiftalbums/app/public
ARCHIVE FILE: 20230127_taylorswiftalbums_53ed6a52ac6b334a2121_20230127170256_archive.zip
FILTERS: *ON*
DIRS:
	C:/Users/USER/Local Sites/taylorswiftalbums/app/public/wp-content/uploads/2006/10
FILES:
	not set
EXTS:  not set
----------------------------------------
COMPRESSING
SIZE:	97.6MB
STATS:	Dirs 727 | Files 4,427
SQL ADDED: 20230127_taylorswiftalbums_53ed6a52ac6b334a2121_20230127170256_database.sql
ZipArchive Object
(
    [lastId] => 5153
    [status] => 0
    [statusSys] => 0
    [numFiles] => 5154
    [filename] => C:\Users\USER\Local Sites\taylorswiftalbums\app\public\wp-content\backups-dup-lite\tmp\20230127_taylorswiftalbums_53ed6a52ac6b334a2121_20230127170256_archive.zip
    [comment] => 
)

FILE ADDED TO ZIP: 5153
COMPRESSION RESULT: '1'
COMPRESSED SIZE: 47.73MB
ARCHIVE RUNTIME: 32.85 sec.
MEMORY STACK: 12MB
building installer
ARCHIVE CONSISTENCY TEST: PASS

********************************************************************************
INTEGRITY CHECKS:
********************************************************************************
SQL FILE: 7.58MB
INSTALLER FILE: 73.36KB
ARCHIVE FILE: 49.56MB 
EXPECTED FILE/DIRECTORY COUNT: 5,154
ACTUAL FILE/DIRECTORY COUNT: 5,153
ARCHIVE CONSISTENCY TEST: Pass

********************************************************************************
RECORD ID:[9]
TOTAL PROCESS RUNTIME: 34.41 sec.
PEAK PHP MEMORY USED: 20MB
DONE PROCESSING => 20230127_taylorswiftalbums January 27, 2023 5:03 pm

