********************************************************************************
DUPLICATOR-LITE PACKAGE-LOG: January 27, 2023 5:02 pm
NOTICE: Do NOT post to public sites or forums 
********************************************************************************
VERSION:	1.5.2
WORDPRESS:	6.1.1
PHP INFO:	8.1.9 | SAPI: cgi-fcgi
SERVER:		nginx/1.16.0 
PHP TIME LIMIT: (0) no time limit imposed 
PHP MAX MEMORY: 4294967296 (256M default) 
MEMORY STACK: 4MB

********************************************************************************
DATABASE:
********************************************************************************
BUILD MODE:   MYSQLDUMP
MYSQLTIMEOUT: 5000
MYSQLDUMP:    Is Supported
MYSQL DUMP ERROR 2

==================================================================================
DUPLICATOR ERROR
Please try again! If the error persists see the Duplicator 'Help' menu.
---------------------------------------------------------------------------------
MESSAGE:
	Shell mysql dump error. Change SQL Mode to the "PHP Code" in the Duplicator > Settings > Packages.
TRACE:
	 1. class.pack.database.php : error (594)
	 2. class.pack.database.php : mysqlDump (220)
	 3. class.pack.php : build (1366)
	 4. ctrl.package.php : runZipBuild (89)
	 5. class-wp-hook.php : duplicator_package_build (308)
	 6. class-wp-hook.php : apply_filters (332)
	 7. plugin.php : do_action (517)
	 8. admin-ajax.php : do_action (188)
==================================================================================


==================================================================================
DUPLICATOR ERROR
Please try again! If the error persists see the Duplicator 'Help' menu.
---------------------------------------------------------------------------------
MESSAGE:
	Runtime error in DUP_Database::Build. Shell mysql dump error. Change SQL Mode to the "PHP Code" in the Duplicator > Settings > Packages.
DETAILS:
	Exception: Exception: Shell mysql dump error. Change SQL Mode to the "PHP Code" in the Duplicator > Settings > Packages. in C:\Users\USER\Local Sites\taylorswiftalbums\app\public\wp-content\plugins\duplicator\classes\class.logging.php:300
Stack trace:
#0 C:\Users\USER\Local Sites\taylorswiftalbums\app\public\wp-content\plugins\duplicator\classes\package\class.pack.database.php(594): DUP_Log::error('Shell mysql dum...', '', 1)
#1 C:\Users\USER\Local Sites\taylorswiftalbums\app\public\wp-content\plugins\duplicator\classes\package\class.pack.database.php(220): DUP_Database->mysqlDump('C:/xampp/mysql/...')
#2 C:\Users\USER\Local Sites\taylorswiftalbums\app\public\wp-content\plugins\duplicator\classes\package\class.pack.php(1366): DUP_Database->build(Object(DUP_Package), 1)
#3 C:\Users\USER\Local Sites\taylorswiftalbums\app\public\wp-content\plugins\duplicator\ctrls\ctrl.package.php(89): DUP_Package->runZipBuild()
#4 C:\Users\USER\Local Sites\taylorswiftalbums\app\public\wp-includes\class-wp-hook.php(308): duplicator_package_build('')
#5 C:\Users\USER\Local Sites\taylorswiftalbums\app\public\wp-includes\class-wp-hook.php(332): WP_Hook->apply_filters('', Array)
#6 C:\Users\USER\Local Sites\taylorswiftalbums\app\public\wp-includes\plugin.php(517): WP_Hook->do_action(Array)
#7 C:\Users\USER\Local Sites\taylorswiftalbums\app\public\wp-admin\admin-ajax.php(188): do_action('wp_ajax_duplica...')
#8 {main}
TRACE:
	 1. class.pack.database.php : error (250)
	 2. class.pack.php : build (1366)
	 3. ctrl.package.php : runZipBuild (89)
	 4. class-wp-hook.php : duplicator_package_build (308)
	 5. class-wp-hook.php : apply_filters (332)
	 6. plugin.php : do_action (517)
	 7. admin-ajax.php : do_action (188)
==================================================================================

